0 info it worked if it ends with ok
1 verbose cli [ '/Users/felix/.nvm/versions/node/v6.10.2/bin/node',
1 verbose cli   '/Users/felix/.nvm/versions/node/v6.10.2/bin/npm',
1 verbose cli   'run',
1 verbose cli   'dev' ]
2 info using npm@3.10.10
3 info using node@v6.10.2
4 verbose run-script [ 'predev', 'dev', 'postdev' ]
5 info lifecycle contacts_app@0.0.1~predev: contacts_app@0.0.1
6 silly lifecycle contacts_app@0.0.1~predev: no script for predev, continuing
7 info lifecycle contacts_app@0.0.1~dev: contacts_app@0.0.1
8 verbose lifecycle contacts_app@0.0.1~dev: unsafe-perm in lifecycle true
9 verbose lifecycle contacts_app@0.0.1~dev: PATH: /Users/felix/.nvm/versions/node/v6.10.2/lib/node_modules/npm/bin/node-gyp-bin:/Users/felix/Documents/experiments/apps/contacts/randoms/node_modules/.bin:/usr/local/bin:/Users/felix/.nvm/versions/node/v6.10.2/bin:/usr/local/bin:/usr/bin:/bin:/usr/sbin:/sbin:/Users/felix/bin:/Users/felix/bin
10 verbose lifecycle contacts_app@0.0.1~dev: CWD: /Users/felix/Documents/experiments/apps/contacts/randoms
11 silly lifecycle contacts_app@0.0.1~dev: Args: [ '-c', 'webpack -d --open' ]
12 silly lifecycle contacts_app@0.0.1~dev: Returned: code: 1  signal: null
13 info lifecycle contacts_app@0.0.1~dev: Failed to exec dev script
14 verbose stack Error: contacts_app@0.0.1 dev: `webpack -d --open`
14 verbose stack Exit status 1
14 verbose stack     at EventEmitter.<anonymous> (/Users/felix/.nvm/versions/node/v6.10.2/lib/node_modules/npm/lib/utils/lifecycle.js:255:16)
14 verbose stack     at emitTwo (events.js:106:13)
14 verbose stack     at EventEmitter.emit (events.js:191:7)
14 verbose stack     at ChildProcess.<anonymous> (/Users/felix/.nvm/versions/node/v6.10.2/lib/node_modules/npm/lib/utils/spawn.js:40:14)
14 verbose stack     at emitTwo (events.js:106:13)
14 verbose stack     at ChildProcess.emit (events.js:191:7)
14 verbose stack     at maybeClose (internal/child_process.js:886:16)
14 verbose stack     at Process.ChildProcess._handle.onexit (internal/child_process.js:226:5)
15 verbose pkgid contacts_app@0.0.1
16 verbose cwd /Users/felix/Documents/experiments/apps/contacts/randoms/src
17 error Darwin 16.6.0
18 error argv "/Users/felix/.nvm/versions/node/v6.10.2/bin/node" "/Users/felix/.nvm/versions/node/v6.10.2/bin/npm" "run" "dev"
19 error node v6.10.2
20 error npm  v3.10.10
21 error code ELIFECYCLE
22 error contacts_app@0.0.1 dev: `webpack -d --open`
22 error Exit status 1
23 error Failed at the contacts_app@0.0.1 dev script 'webpack -d --open'.
23 error Make sure you have the latest version of node.js and npm installed.
23 error If you do, this is most likely a problem with the contacts_app package,
23 error not with npm itself.
23 error Tell the author that this fails on your system:
23 error     webpack -d --open
23 error You can get information on how to open an issue for this project with:
23 error     npm bugs contacts_app
23 error Or if that isn't available, you can get their info via:
23 error     npm owner ls contacts_app
23 error There is likely additional logging output above.
24 verbose exit [ 1, true ]
